2018-11-09 01:28:34,241 - L2 - INFO - Total no. of test case: 4
2018-11-09 01:28:34,242 - L2 - INFO - [[<selenium.webdriver.chrome.webdriver.WebDriver (session="310e6fc095d733d0484fd6cd68b21976")>, 5, '+', 5, 10, 2], [<selenium.webdriver.chrome.webdriver.WebDriver (session="310e6fc095d733d0484fd6cd68b21976")>, 10, '-', 2, 7, 3], [<selenium.webdriver.chrome.webdriver.WebDriver (session="310e6fc095d733d0484fd6cd68b21976")>, 25, '*', 2, 50, 4], [<selenium.webdriver.chrome.webdriver.WebDriver (session="310e6fc095d733d0484fd6cd68b21976")>, 100, '/', 10, 10, 5]]
2018-11-09 01:28:34,250 - L2 - INFO - ##########################################################################
2018-11-09 01:28:34,349 - L2 - INFO - Value '10' is successfully inputed in input_1 field.
2018-11-09 01:28:34,484 - L2 - INFO - Operation '-' is selected.
2018-11-09 01:28:34,567 - L2 - INFO - Value '2' is successfully inputed in input_2 field.
2018-11-09 01:28:34,675 - L2 - INFO - Click on 'Go' button.
2018-11-09 01:28:39,726 - L2 - INFO - Expected Value: 7 | Actual Value: 8
2018-11-09 01:28:39,726 - L2 - INFO - FAIL: Value doesn't match!
2018-11-09 01:28:39,804 - L2 - INFO - ##########################################################################
2018-11-09 01:28:39,855 - L2 - INFO - Value '100' is successfully inputed in input_1 field.
2018-11-09 01:28:39,967 - L2 - INFO - Operation '/' is selected.
2018-11-09 01:28:40,019 - L2 - INFO - Value '10' is successfully inputed in input_2 field.
2018-11-09 01:28:40,085 - L2 - INFO - Click on 'Go' button.
2018-11-09 01:28:45,118 - L2 - INFO - Expected Value: 10 | Actual Value: 10
2018-11-09 01:28:45,119 - L2 - INFO - PASS: Value matches!
2018-11-09 01:28:45,133 - L2 - INFO - ##########################################################################
2018-11-09 01:28:45,184 - L2 - INFO - Value '25' is successfully inputed in input_1 field.
2018-11-09 01:28:45,296 - L2 - INFO - Operation '*' is selected.
2018-11-09 01:28:45,352 - L2 - INFO - Value '2' is successfully inputed in input_2 field.
2018-11-09 01:28:45,436 - L2 - INFO - Click on 'Go' button.
2018-11-09 01:28:50,492 - L2 - INFO - Expected Value: 50 | Actual Value: 50
2018-11-09 01:28:50,493 - L2 - INFO - PASS: Value matches!
2018-11-09 01:28:50,522 - L2 - INFO - ##########################################################################
2018-11-09 01:28:50,573 - L2 - INFO - Value '5' is successfully inputed in input_1 field.
2018-11-09 01:28:50,680 - L2 - INFO - Operation '+' is selected.
2018-11-09 01:28:50,728 - L2 - INFO - Value '5' is successfully inputed in input_2 field.
2018-11-09 01:28:50,799 - L2 - INFO - Click on 'Go' button.
2018-11-09 01:28:55,831 - L2 - INFO - Expected Value: 10 | Actual Value: 10
2018-11-09 01:28:55,831 - L2 - INFO - PASS: Value matches!
